[INFO  - 2018-02-16T16:57:28.430Z] GhostDriver - Main - running on port 59008
[INFO  - 2018-02-16T16:57:32.147Z] Session [7aa38d90-133a-11e8-8f65-15a59a7774ab] - page.settings - {"XSSAuditingEnabled":false,"javascriptCanCloseWindows":true,"javascriptCanOpenWindows":true,"javascriptEnabled":true,"loadImages":true,"localToRemoteUrlAccessEnabled":false,"userAgent":"Mozilla/5.0 (Windows NT 6.2; WOW64) AppleWebKit/538.1 (KHTML, like Gecko) PhantomJS/2.1.1 Safari/538.1","webSecurityEnabled":true}
[INFO  - 2018-02-16T16:57:32.147Z] Session [7aa38d90-133a-11e8-8f65-15a59a7774ab] - page.customHeaders:  - {}
[INFO  - 2018-02-16T16:57:32.147Z] Session [7aa38d90-133a-11e8-8f65-15a59a7774ab] - Session.negotiatedCapabilities - {"browserName":"phantomjs","version":"2.1.1","driverName":"ghostdriver","driverVersion":"1.2.0","platform":"windows-10-32bit","javascriptEnabled":true,"takesScreenshot":true,"handlesAlerts":false,"databaseEnabled":false,"locationContextEnabled":false,"applicationCacheEnabled":false,"browserConnectionEnabled":false,"cssSelectorsEnabled":true,"webStorageEnabled":false,"rotatable":false,"acceptSslCerts":false,"nativeEvents":true,"proxy":{"proxyType":"direct"}}
[INFO  - 2018-02-16T16:57:32.147Z] SessionManagerReqHand - _postNewSessionCommand - New Session Created: 7aa38d90-133a-11e8-8f65-15a59a7774ab
[ERROR - 2018-02-16T16:57:40.351Z] Session [7aa38d90-133a-11e8-8f65-15a59a7774ab] - page.onError - msg: TypeError: null is not an object (evaluating 'document.getElementById('light').style')

  phantomjs://platform/console++.js:263 in error
[ERROR - 2018-02-16T16:57:40.352Z] Session [7aa38d90-133a-11e8-8f65-15a59a7774ab] - page.onError - stack:
  closeLightbox (https://secuniaresearch.flexerasoftware.com/community/advisories/search/?search=Omron:163)
  dispatchEvent (:0)
  U (:119)
  $ (:108)
  $ (:101)
  gh (:141)
  sh (:152)
  (anonymous function) (:152)
  (anonymous function) (:152)
  (anonymous function) (:153)

  phantomjs://platform/console++.js:263 in error
[ERROR - 2018-02-16T16:57:54.001Z] Session [7aa38d90-133a-11e8-8f65-15a59a7774ab] - page.onError - msg: TypeError: null is not an object (evaluating 'document.getElementById('light').style')

  phantomjs://platform/console++.js:263 in error
[ERROR - 2018-02-16T16:57:54.001Z] Session [7aa38d90-133a-11e8-8f65-15a59a7774ab] - page.onError - stack:
  closeLightbox (https://secuniaresearch.flexerasoftware.com/community/advisories/search/?search=Omron:276)
  dispatchEvent (:0)
  U (:119)
  $ (:108)
  $ (:101)
  gh (:141)
  sh (:152)
  (anonymous function) (:152)
  (anonymous function) (:152)
  (anonymous function) (:153)

  phantomjs://platform/console++.js:263 in error
[ERROR - 2018-02-16T16:57:58.896Z] WebElementLocator - _handleLocateCommand - Element(s) NOT Found: GAVE UP. Search Stop Time: 1518800278883

  phantomjs://platform/console++.js:263 in error
[INFO  - 2018-02-16T17:02:28.427Z] SessionManagerReqHand - _cleanupWindowlessSessions - Asynchronous Sessions clean-up phase starting NOW
[INFO  - 2018-02-16T17:07:28.434Z] SessionManagerReqHand - _cleanupWindowlessSessions - Asynchronous Sessions clean-up phase starting NOW
[INFO  - 2018-02-16T17:12:28.435Z] SessionManagerReqHand - _cleanupWindowlessSessions - Asynchronous Sessions clean-up phase starting NOW
[INFO  - 2018-02-16T17:17:28.435Z] SessionManagerReqHand - _cleanupWindowlessSessions - Asynchronous Sessions clean-up phase starting NOW
[INFO  - 2018-02-16T17:22:28.435Z] SessionManagerReqHand - _cleanupWindowlessSessions - Asynchronous Sessions clean-up phase starting NOW
[INFO  - 2018-02-16T17:27:28.435Z] SessionManagerReqHand - _cleanupWindowlessSessions - Asynchronous Sessions clean-up phase starting NOW
[INFO  - 2018-02-16T17:32:28.435Z] SessionManagerReqHand - _cleanupWindowlessSessions - Asynchronous Sessions clean-up phase starting NOW
[INFO  - 2018-02-16T17:37:28.436Z] SessionManagerReqHand - _cleanupWindowlessSessions - Asynchronous Sessions clean-up phase starting NOW
[INFO  - 2018-02-16T17:42:28.436Z] SessionManagerReqHand - _cleanupWindowlessSessions - Asynchronous Sessions clean-up phase starting NOW
[INFO  - 2018-02-16T17:47:28.436Z] SessionManagerReqHand - _cleanupWindowlessSessions - Asynchronous Sessions clean-up phase starting NOW
[INFO  - 2018-02-16T17:52:28.436Z] SessionManagerReqHand - _cleanupWindowlessSessions - Asynchronous Sessions clean-up phase starting NOW
[INFO  - 2018-02-16T17:57:28.437Z] SessionManagerReqHand - _cleanupWindowlessSessions - Asynchronous Sessions clean-up phase starting NOW
[INFO  - 2018-02-16T18:02:28.436Z] SessionManagerReqHand - _cleanupWindowlessSessions - Asynchronous Sessions clean-up phase starting NOW
[INFO  - 2018-02-16T18:07:28.436Z] SessionManagerReqHand - _cleanupWindowlessSessions - Asynchronous Sessions clean-up phase starting NOW
[INFO  - 2018-02-16T18:12:28.437Z] SessionManagerReqHand - _cleanupWindowlessSessions - Asynchronous Sessions clean-up phase starting NOW
