[INFO  - 2018-02-16T17:42:36.045Z] GhostDriver - Main - running on port 63039
[INFO  - 2018-02-16T17:42:40.288Z] Session [c8d05010-1340-11e8-a9b1-135f6c665d10] - page.settings - {"XSSAuditingEnabled":false,"javascriptCanCloseWindows":true,"javascriptCanOpenWindows":true,"javascriptEnabled":true,"loadImages":true,"localToRemoteUrlAccessEnabled":false,"userAgent":"Mozilla/5.0 (Windows NT 6.2; WOW64) AppleWebKit/538.1 (KHTML, like Gecko) PhantomJS/2.1.1 Safari/538.1","webSecurityEnabled":true}
[INFO  - 2018-02-16T17:42:40.288Z] Session [c8d05010-1340-11e8-a9b1-135f6c665d10] - page.customHeaders:  - {}
[INFO  - 2018-02-16T17:42:40.289Z] Session [c8d05010-1340-11e8-a9b1-135f6c665d10] - Session.negotiatedCapabilities - {"browserName":"phantomjs","version":"2.1.1","driverName":"ghostdriver","driverVersion":"1.2.0","platform":"windows-10-32bit","javascriptEnabled":true,"takesScreenshot":true,"handlesAlerts":false,"databaseEnabled":false,"locationContextEnabled":false,"applicationCacheEnabled":false,"browserConnectionEnabled":false,"cssSelectorsEnabled":true,"webStorageEnabled":false,"rotatable":false,"acceptSslCerts":false,"nativeEvents":true,"proxy":{"proxyType":"direct"}}
[INFO  - 2018-02-16T17:42:40.289Z] SessionManagerReqHand - _postNewSessionCommand - New Session Created: c8d05010-1340-11e8-a9b1-135f6c665d10
[ERROR - 2018-02-16T17:42:47.665Z] Session [c8d05010-1340-11e8-a9b1-135f6c665d10] - page.onError - msg: TypeError: null is not an object (evaluating 'document.getElementById('light').style')

  phantomjs://platform/console++.js:263 in error
[ERROR - 2018-02-16T17:42:47.665Z] Session [c8d05010-1340-11e8-a9b1-135f6c665d10] - page.onError - stack:
  closeLightbox (https://secuniaresearch.flexerasoftware.com/community/advisories/search/?search=Schneider:163)
  dispatchEvent (:0)
  U (:119)
  $ (:108)
  $ (:101)
  gh (:141)
  sh (:152)
  (anonymous function) (:152)
  (anonymous function) (:152)
  (anonymous function) (:153)

  phantomjs://platform/console++.js:263 in error
[ERROR - 2018-02-16T17:42:59.920Z] Session [c8d05010-1340-11e8-a9b1-135f6c665d10] - page.onError - msg: TypeError: null is not an object (evaluating 'document.getElementById('light').style')

  phantomjs://platform/console++.js:263 in error
[ERROR - 2018-02-16T17:42:59.920Z] Session [c8d05010-1340-11e8-a9b1-135f6c665d10] - page.onError - stack:
  closeLightbox (https://secuniaresearch.flexerasoftware.com/community/advisories/search/?search=Schneider:772)
  dispatchEvent (:0)
  U (:119)
  $ (:108)
  $ (:101)
  gh (:141)
  sh (:152)
  (anonymous function) (:152)
  (anonymous function) (:152)
  (anonymous function) (:153)

  phantomjs://platform/console++.js:263 in error
[ERROR - 2018-02-16T17:43:06.114Z] Session [c8d05010-1340-11e8-a9b1-135f6c665d10] - page.onError - msg: TypeError: null is not an object (evaluating 'document.getElementById('light').style')

  phantomjs://platform/console++.js:263 in error
[ERROR - 2018-02-16T17:43:06.114Z] Session [c8d05010-1340-11e8-a9b1-135f6c665d10] - page.onError - stack:
  closeLightbox (https://secuniaresearch.flexerasoftware.com/community/advisories/search/?search=Schneider:772)
  dispatchEvent (:0)
  U (:119)
  $ (:108)
  $ (:101)
  gh (:141)
  sh (:152)
  (anonymous function) (:152)
  (anonymous function) (:152)
  (anonymous function) (:153)

  phantomjs://platform/console++.js:263 in error
[ERROR - 2018-02-16T17:43:13.571Z] Session [c8d05010-1340-11e8-a9b1-135f6c665d10] - page.onError - msg: TypeError: null is not an object (evaluating 'document.getElementById('light').style')

  phantomjs://platform/console++.js:263 in error
[ERROR - 2018-02-16T17:43:13.571Z] Session [c8d05010-1340-11e8-a9b1-135f6c665d10] - page.onError - stack:
  closeLightbox (https://secuniaresearch.flexerasoftware.com/community/advisories/search/?search=Schneider:772)
  dispatchEvent (:0)
  U (:119)
  $ (:108)
  $ (:101)
  gh (:141)
  sh (:152)
  (anonymous function) (:152)
  (anonymous function) (:152)
  (anonymous function) (:153)

  phantomjs://platform/console++.js:263 in error
[ERROR - 2018-02-16T17:43:20.305Z] Session [c8d05010-1340-11e8-a9b1-135f6c665d10] - page.onError - msg: TypeError: null is not an object (evaluating 'document.getElementById('light').style')

  phantomjs://platform/console++.js:263 in error
[ERROR - 2018-02-16T17:43:20.305Z] Session [c8d05010-1340-11e8-a9b1-135f6c665d10] - page.onError - stack:
  closeLightbox (https://secuniaresearch.flexerasoftware.com/community/advisories/search/?search=Schneider:772)
  dispatchEvent (:0)
  U (:119)
  $ (:108)
  $ (:101)
  gh (:141)
  sh (:152)
  (anonymous function) (:152)
  (anonymous function) (:152)
  (anonymous function) (:153)

  phantomjs://platform/console++.js:263 in error
[ERROR - 2018-02-16T17:43:25.900Z] Session [c8d05010-1340-11e8-a9b1-135f6c665d10] - page.onError - msg: TypeError: null is not an object (evaluating 'document.getElementById('light').style')

  phantomjs://platform/console++.js:263 in error
[ERROR - 2018-02-16T17:43:25.900Z] Session [c8d05010-1340-11e8-a9b1-135f6c665d10] - page.onError - stack:
  closeLightbox (https://secuniaresearch.flexerasoftware.com/community/advisories/search/?search=Schneider:772)
  dispatchEvent (:0)
  U (:119)
  $ (:108)
  $ (:101)
  gh (:141)
  sh (:152)
  (anonymous function) (:152)
  (anonymous function) (:152)
  (anonymous function) (:153)

  phantomjs://platform/console++.js:263 in error
[ERROR - 2018-02-16T17:43:31.354Z] Session [c8d05010-1340-11e8-a9b1-135f6c665d10] - page.onError - msg: TypeError: null is not an object (evaluating 'document.getElementById('light').style')

  phantomjs://platform/console++.js:263 in error
[ERROR - 2018-02-16T17:43:31.354Z] Session [c8d05010-1340-11e8-a9b1-135f6c665d10] - page.onError - stack:
  closeLightbox (https://secuniaresearch.flexerasoftware.com/community/advisories/search/?search=Schneider:772)
  dispatchEvent (:0)
  U (:119)
  $ (:108)
  $ (:101)
  gh (:141)
  sh (:152)
  (anonymous function) (:152)
  (anonymous function) (:152)
  (anonymous function) (:153)

  phantomjs://platform/console++.js:263 in error
[ERROR - 2018-02-16T17:43:35.995Z] Session [c8d05010-1340-11e8-a9b1-135f6c665d10] - page.onError - msg: TypeError: null is not an object (evaluating 'document.getElementById('light').style')

  phantomjs://platform/console++.js:263 in error
[ERROR - 2018-02-16T17:43:35.995Z] Session [c8d05010-1340-11e8-a9b1-135f6c665d10] - page.onError - stack:
  closeLightbox (https://secuniaresearch.flexerasoftware.com/community/advisories/search/?search=Schneider:772)
  dispatchEvent (:0)
  U (:119)
  $ (:108)
  $ (:101)
  gh (:141)
  sh (:152)
  (anonymous function) (:152)
  (anonymous function) (:152)
  (anonymous function) (:153)

  phantomjs://platform/console++.js:263 in error
[ERROR - 2018-02-16T17:43:42.600Z] Session [c8d05010-1340-11e8-a9b1-135f6c665d10] - page.onError - msg: TypeError: null is not an object (evaluating 'document.getElementById('light').style')

  phantomjs://platform/console++.js:263 in error
[ERROR - 2018-02-16T17:43:42.601Z] Session [c8d05010-1340-11e8-a9b1-135f6c665d10] - page.onError - stack:
  closeLightbox (https://secuniaresearch.flexerasoftware.com/community/advisories/search/?search=Schneider:772)
  dispatchEvent (:0)
  U (:119)
  $ (:108)
  $ (:101)
  gh (:141)
  sh (:152)
  (anonymous function) (:152)
  (anonymous function) (:152)
  (anonymous function) (:153)

  phantomjs://platform/console++.js:263 in error
[ERROR - 2018-02-16T17:43:53.429Z] Session [c8d05010-1340-11e8-a9b1-135f6c665d10] - page.onError - msg: TypeError: null is not an object (evaluating 'document.getElementById('light').style')

  phantomjs://platform/console++.js:263 in error
[ERROR - 2018-02-16T17:43:53.429Z] Session [c8d05010-1340-11e8-a9b1-135f6c665d10] - page.onError - stack:
  closeLightbox (https://secuniaresearch.flexerasoftware.com/community/advisories/search/?search=Schneider:772)
  dispatchEvent (:0)
  U (:119)
  $ (:108)
  $ (:101)
  gh (:141)
  sh (:152)
  (anonymous function) (:152)
  (anonymous function) (:152)
  (anonymous function) (:153)

  phantomjs://platform/console++.js:263 in error
[ERROR - 2018-02-16T17:43:57.710Z] WebElementLocator - _handleLocateCommand - Element(s) NOT Found: GAVE UP. Search Stop Time: 1518803037652

  phantomjs://platform/console++.js:263 in error
[INFO  - 2018-02-16T17:47:36.043Z] SessionManagerReqHand - _cleanupWindowlessSessions - Asynchronous Sessions clean-up phase starting NOW
[INFO  - 2018-02-16T17:52:36.047Z] SessionManagerReqHand - _cleanupWindowlessSessions - Asynchronous Sessions clean-up phase starting NOW
[INFO  - 2018-02-16T17:57:36.061Z] SessionManagerReqHand - _cleanupWindowlessSessions - Asynchronous Sessions clean-up phase starting NOW
[INFO  - 2018-02-16T18:02:36.060Z] SessionManagerReqHand - _cleanupWindowlessSessions - Asynchronous Sessions clean-up phase starting NOW
[INFO  - 2018-02-16T18:07:36.060Z] SessionManagerReqHand - _cleanupWindowlessSessions - Asynchronous Sessions clean-up phase starting NOW
[INFO  - 2018-02-16T18:12:36.060Z] SessionManagerReqHand - _cleanupWindowlessSessions - Asynchronous Sessions clean-up phase starting NOW
